Determining if the pthread_create exist failed with the following output:
Change Dir: /media/duong/WD 500GB ELEMENTS/KLTN/fcw-system/build/CMakeFiles/CMakeTmp

Run Build Command:"/usr/bin/make" "cmTC_5b53e/fast"
/usr/bin/make -f CMakeFiles/cmTC_5b53e.dir/build.make CMakeFiles/cmTC_5b53e.dir/build
make[1]: Entering directory '/media/duong/WD 500GB ELEMENTS/KLTN/fcw-system/build/CMakeFiles/CMakeTmp'
Building CXX object CMakeFiles/cmTC_5b53e.dir/CheckSymbolExists.cxx.o
/usr/bin/c++    -Wall -Wextra    -std=c++1z -o CMakeFiles/cmTC_5b53e.dir/CheckSymbolExists.cxx.o -c "/media/duong/WD 500GB ELEMENTS/KLTN/fcw-system/build/CMakeFiles/CMakeTmp/CheckSymbolExists.cxx"
Linking CXX executable cmTC_5b53e
/usr/bin/cmake -E cmake_link_script CMakeFiles/cmTC_5b53e.dir/link.txt --verbose=1
/usr/bin/c++   -Wall -Wextra     CMakeFiles/cmTC_5b53e.dir/CheckSymbolExists.cxx.o  -o cmTC_5b53e 
CMakeFiles/cmTC_5b53e.dir/CheckSymbolExists.cxx.o: In function `main':
CheckSymbolExists.cxx:(.text+0x14): undefined reference to `pthread_create'
CheckSymbolExists.cxx:(.text+0x18): undefined reference to `pthread_create'
collect2: error: ld returned 1 exit status
CMakeFiles/cmTC_5b53e.dir/build.make:97: recipe for target 'cmTC_5b53e' failed
make[1]: *** [cmTC_5b53e] Error 1
make[1]: Leaving directory '/media/duong/WD 500GB ELEMENTS/KLTN/fcw-system/build/CMakeFiles/CMakeTmp'
Makefile:126: recipe for target 'cmTC_5b53e/fast' failed
make: *** [cmTC_5b53e/fast] Error 2

File /media/duong/WD 500GB ELEMENTS/KLTN/fcw-system/build/CMakeFiles/CMakeTmp/CheckSymbolExists.cxx:
/* */
#include <pthread.h>

int main(int argc, char** argv)
{
  (void)argv;
#ifndef pthread_create
  return ((int*)(&pthread_create))[argc];
#else
  (void)argc;
  return 0;
#endif
}

Determining if the function pthread_create exists in the pthreads failed with the following output:
Change Dir: /media/duong/WD 500GB ELEMENTS/KLTN/fcw-system/build/CMakeFiles/CMakeTmp

Run Build Command:"/usr/bin/make" "cmTC_255b2/fast"
/usr/bin/make -f CMakeFiles/cmTC_255b2.dir/build.make CMakeFiles/cmTC_255b2.dir/build
make[1]: Entering directory '/media/duong/WD 500GB ELEMENTS/KLTN/fcw-system/build/CMakeFiles/CMakeTmp'
Building CXX object CMakeFiles/cmTC_255b2.dir/CheckFunctionExists.cxx.o
/usr/bin/c++    -Wall -Wextra -DCHECK_FUNCTION_EXISTS=pthread_create   -std=c++1z -o CMakeFiles/cmTC_255b2.dir/CheckFunctionExists.cxx.o -c "/media/duong/WD 500GB ELEMENTS/KLTN/fcw-system/build/CMakeFiles/CheckLibraryExists/CheckFunctionExists.cxx"
Linking CXX executable cmTC_255b2
/usr/bin/cmake -E cmake_link_script CMakeFiles/cmTC_255b2.dir/link.txt --verbose=1
/usr/bin/c++   -Wall -Wextra -DCHECK_FUNCTION_EXISTS=pthread_create    CMakeFiles/cmTC_255b2.dir/CheckFunctionExists.cxx.o  -o cmTC_255b2 -lpthreads 
/usr/bin/ld: cannot find -lpthreads
collect2: error: ld returned 1 exit status
CMakeFiles/cmTC_255b2.dir/build.make:97: recipe for target 'cmTC_255b2' failed
make[1]: *** [cmTC_255b2] Error 1
make[1]: Leaving directory '/media/duong/WD 500GB ELEMENTS/KLTN/fcw-system/build/CMakeFiles/CMakeTmp'
Makefile:126: recipe for target 'cmTC_255b2/fast' failed
make: *** [cmTC_255b2/fast] Error 2


